<?xml version="1.0" encoding="UTF-8"?>
<testsuites name="FailSuite" tests="3" failures="1" errors="0" skipped="1" time="2.500">
  <testsuite name="com.example.FailTest" tests="3" failures="1" errors="0" skipped="1" time="2.500">
    <testcase name="testPass" classname="com.example.FailTest" time="0.500"/>
    <testcase name="testFail" classname="com.example.FailTest" time="1.000">
      <failure message="AssertionError: expected true but was false" type="AssertionError">at com.example.FailTest.testFail(FailTest.java:42)</failure>
    </testcase>
    <testcase name="testSkip" classname="com.example.FailTest" time="0.000">
      <skipped/>
    </testcase>
  </testsuite>
</testsuites>
